{"/home/vvnezapnopwnz/hexlet/backend-project-lvl3/src/page-loader.js": {"path":"/home/vvnezapnopwnz/hexlet/backend-project-lvl3/src/page-loader.js","statementMap":{"0":{"start":{"line":5,"column":29},"end":{"line":8,"column":1}},"1":{"start":{"line":6,"column":33},"end":{"line":6,"column":37}},"2":{"start":{"line":7,"column":2},"end":{"line":7,"column":84}},"3":{"start":{"line":11,"column":15},"end":{"line":11,"column":27}},"4":{"start":{"line":12,"column":21},"end":{"line":12,"column":56}},"5":{"start":{"line":13,"column":25},"end":{"line":13,"column":88}},"6":{"start":{"line":16,"column":19},"end":{"line":22,"column":41}},"7":{"start":{"line":18,"column":6},"end":{"line":18,"column":28}},"8":{"start":{"line":19,"column":6},"end":{"line":19,"column":48}},"9":{"start":{"line":21,"column":16},"end":{"line":21,"column":62}},"10":{"start":{"line":22,"column":22},"end":{"line":22,"column":40}},"11":{"start":{"line":24,"column":2},"end":{"line":24,"column":18}}},"fnMap":{"0":{"name":"(anonymous_0)","decl":{"start":{"line":5,"column":29},"end":{"line":5,"column":30}},"loc":{"start":{"line":5,"column":39},"end":{"line":8,"column":1}},"line":5},"1":{"name":"(anonymous_1)","decl":{"start":{"line":10,"column":15},"end":{"line":10,"column":16}},"loc":{"start":{"line":10,"column":48},"end":{"line":25,"column":1}},"line":10},"2":{"name":"(anonymous_2)","decl":{"start":{"line":17,"column":10},"end":{"line":17,"column":11}},"loc":{"start":{"line":17,"column":22},"end":{"line":20,"column":5}},"line":17},"3":{"name":"(anonymous_3)","decl":{"start":{"line":21,"column":10},"end":{"line":21,"column":11}},"loc":{"start":{"line":21,"column":16},"end":{"line":21,"column":62}},"line":21},"4":{"name":"(anonymous_4)","decl":{"start":{"line":22,"column":11},"end":{"line":22,"column":12}},"loc":{"start":{"line":22,"column":22},"end":{"line":22,"column":40}},"line":22}},"branchMap":{"0":{"loc":{"start":{"line":10,"column":21},"end":{"line":10,"column":43}},"type":"default-arg","locations":[{"start":{"line":10,"column":30},"end":{"line":10,"column":43}}],"line":10}},"s":{"0":1,"1":1,"2":1,"3":1,"4":1,"5":1,"6":1,"7":1,"8":1,"9":1,"10":0,"11":1},"f":{"0":1,"1":1,"2":1,"3":1,"4":0},"b":{"0":[0]},"_coverageSchema":"1a1c01bbd47fc00a2c39e90264f33305004495a9","hash":"d0bf8708127c8d8018facd3b3e63331e06a9bd80"}
}
